<?xml version="1.0" encoding="UTF-8"?>
<!-- Generated by org.testng.reporters.JUnitXMLReporter -->
<testsuite hostname="Sams-Air" ignored="0" name="Test" tests="3" failures="0" timestamp="12 Jun 2019 00:14:41 GMT" time="12.689" errors="0">
  <testcase name="Login" time="0.884" classname="com.class05.SmartBearDemo"/>
  <testcase name="addOrder" time="3.016" classname="com.class05.SmartBearDemo"/>
  <testcase name="addOrder" time="2.422" classname="com.class05.SmartBearDemo"/>
</testsuite> <!-- Test -->
